Running: /opt/Xilinx/12.4/ISE_DS/ISE/bin/lin64/unwrapped/fuse -intstyle ise -incremental -lib unisims_ver -lib unimacro_ver -lib xilinxcorelib_ver -o /home/bs2020/e2521581/Desktop/emregecit2@github/4th-semester/ceng232/hw3/lab3_part1/testbench_ic1337_isim_beh.exe -prj /home/bs2020/e2521581/Desktop/emregecit2@github/4th-semester/ceng232/hw3/lab3_part1/testbench_ic1337_beh.prj work.testbench_ic1337 work.glbl 
ISim M.81d (signature 0x9ca8bed6)
Number of CPUs detected in this system: 4
Turning on mult-threading, number of parallel sub-compilation jobs: 8 
Determining compilation order of HDL files
Analyzing Verilog file \"/home/bs2020/e2521581/Desktop/emregecit2@github/4th-semester/ceng232/hw3/lab3_part1/lab3_1.v\" into library work
Analyzing Verilog file \"/home/bs2020/e2521581/Desktop/emregecit2@github/4th-semester/ceng232/hw3/lab3_part1/testbench_ic1337.v\" into library work
Analyzing Verilog file \"/opt/Xilinx/12.4/ISE_DS/ISE//verilog/src/glbl.v\" into library work
Starting static elaboration
Completed static elaboration
Fuse Memory Usage: 58444 KB
Fuse CPU Usage: 40 ms
Compiling module ab
Compiling module ic1337
Compiling module testbench_ic1337
Compiling module glbl
Time Resolution for simulation is 1ps.
Waiting for 1 sub-compilation(s) to finish...
Compiled 4 Verilog Units
Built simulation executable /home/bs2020/e2521581/Desktop/emregecit2@github/4th-semester/ceng232/hw3/lab3_part1/testbench_ic1337_isim_beh.exe
Fuse Memory Usage: 620096 KB
Fuse CPU Usage: 50 ms
GCC CPU Usage: 480 ms
