ISim log file
Running: /home/bs2020/e2521581/Desktop/emregecit2@github/4th-semester/ceng232/hw3/lab3_part1/testbench_ab_isim_beh.exe -gui -tclbatch isim.cmd -wdb /home/bs2020/e2521581/Desktop/emregecit2@github/4th-semester/ceng232/hw3/lab3_part1/testbench_ab_isim_beh.wdb 
INFO: There is another simulation running in the same directory. Using database file name isim1.wdb.
ISim M.81d (signature 0x9ca8bed6)
WARNING: A WEBPACK license was found.
WARNING: Please use Xilinx License Configuration Manager to check out a full ISim license.
WARNING: ISim will run in Lite mode. Please refer to the ISim documentation for more information on the differences between the Lite and the Full version.
This is a Lite version of ISim.
Time resolution is 1 ps
# onerror resume
# wave add /
# run 1000 ns
Simulator is doing circuit initialization process.
Finished circuit initialization process.
Time=0 | A=x B=x| Q=0
Successful
Time=2 | A=0 B=1| Q=0
Time=5 | A=0 B=1| Q=1
Successful
Time=8 | A=1 B=1| Q=1
Time=15 | A=1 B=1| Q=0
Successful
Time=25 | A=1 B=1| Q=1
Successful
Time=27 | A=1 B=0| Q=1
Time=35 | A=1 B=0| Q=0
Successful
Time=37 | A=0 B=0| Q=0
Successful
Successful
End of Sim!
Stopped at time : 61 ns : File "/home/bs2020/e2521581/Desktop/emregecit2@github/4th-semester/ceng232/hw3/lab3_part1/testbench_ab.v" Line 78
# exit 0
# exit 0
