Command line:
   lab3_2_isim_beh.exe
     -simmode  gui
     -simrunnum  0
     -socket  44593

Mon May 16 20:11:04 2022


 Elaboration Time: 0 sec

 Current Memory Usage: 144.806 Meg

 Total Signals          : 15
 Total Nets             : 40
 Total Signal Drivers   : 15
 Total Blocks           : 2
 Total Primitive Blocks : 2
 Total Processes        : 18
 Total Traceable Variables  : 28
 Total Scalar Nets and Variables : 140
Total Line Count : 62

 Total Simulation Time: 0.02 sec

 Current Memory Usage: 220.307 Meg

Mon May 16 20:11:13 2022

