This is pdfTeX, Version 3.141592653-2.6-1.40.24 (MiKTeX 22.3) (preloaded format=pdflatex 2022.5.23)  7 JUN 2022 01:41
entering extended mode
 restricted \write18 enabled.
 file:line:error style messages enabled.
 %&-line parsing enabled.
**c:/Users/Emre/GitHub/4th-semester/ceng280/hw3/report.tex
(c:/Users/Emre/GitHub/4th-semester/ceng280/hw3/report.tex
LaTeX2e <2021-11-15> patch level 1
L3 programming layer <2022-02-24> (C:\Users\Emre\AppData\Local\Programs\MiKTeX\tex/latex/base\article.cls
Document Class: article 2021/10/04 v1.4n Standard LaTeX document class
(C:\Users\Emre\AppData\Local\Programs\MiKTeX\tex/latex/base\size12.clo
File: size12.clo 2021/10/04 v1.4n Standard LaTeX file (size option)
)
\c@part=\count185
\c@section=\count186
\c@subsection=\count187
\c@subsubsection=\count188
\c@paragraph=\count189
\c@subparagraph=\count190
\c@figure=\count191
\c@table=\count192
\abovecaptionskip=\skip47
\belowcaptionskip=\skip48
\bibindent=\dimen138
) (C:\Users\Emre\AppData\Local\Programs\MiKTeX\tex/latex/base\inputenc.sty
Package: inputenc 2021/02/14 v1.3d Input encoding file
\inpenc@prehook=\toks16
\inpenc@posthook=\toks17
) (C:\Users\Emre\AppData\Local\Programs\MiKTeX\tex/latex/float\float.sty
Package: float 2001/11/08 v1.3d Float enhancements (AL)
\c@float@type=\count193
\float@exts=\toks18
\float@box=\box50
\@float@everytoks=\toks19
\@floatcapt=\box51
) (C:\Users\Emre\AppData\Local\Programs\MiKTeX\tex/latex/amsmath\amsmath.sty
Package: amsmath 2021/10/15 v2.17l AMS math features
\@mathmargin=\skip49

For additional information on amsmath, use the `?' option.
(C:\Users\Emre\AppData\Local\Programs\MiKTeX\tex/latex/amsmath\amstext.sty
Package: amstext 2021/08/26 v2.01 AMS text
 (C:\Users\Emre\AppData\Local\Programs\MiKTeX\tex/latex/amsmath\amsgen.sty
File: amsgen.sty 1999/11/30 v2.0 generic functions
\@emptytoks=\toks20
\ex@=\dimen139
)) (C:\Users\Emre\AppData\Local\Programs\MiKTeX\tex/latex/amsmath\amsbsy.sty
Package: amsbsy 1999/11/29 v1.2d Bold Symbols
\pmbraise@=\dimen140
) (C:\Users\Emre\AppData\Local\Programs\MiKTeX\tex/latex/amsmath\amsopn.sty
Package: amsopn 2021/08/26 v2.02 operator names
)
\inf@bad=\count194
LaTeX Info: Redefining \frac on input line 234.
\uproot@=\count195
\leftroot@=\count196
LaTeX Info: Redefining \overline on input line 399.
\classnum@=\count197
\DOTSCASE@=\count198
LaTeX Info: Redefining \ldots on input line 496.
LaTeX Info: Redefining \dots on input line 499.
LaTeX Info: Redefining \cdots on input line 620.
\Mathstrutbox@=\box52
\strutbox@=\box53
\big@size=\dimen141
LaTeX Font Info:    Redeclaring font encoding OML on input line 743.
LaTeX Font Info:    Redeclaring font encoding OMS on input line 744.
\macc@depth=\count199
\c@MaxMatrixCols=\count266
\dotsspace@=\muskip16
\c@parentequation=\count267
\dspbrk@lvl=\count268
\tag@help=\toks21
\row@=\count269
\column@=\count270
\maxfields@=\count271
\andhelp@=\toks22
\eqnshift@=\dimen142
\alignsep@=\dimen143
\tagshift@=\dimen144
\tagwidth@=\dimen145
\totwidth@=\dimen146
\lineht@=\dimen147
\@envbody=\toks23
\multlinegap=\skip50
\multlinetaggap=\skip51
\mathdisplay@stack=\toks24
LaTeX Info: Redefining \[ on input line 2938.
LaTeX Info: Redefining \] on input line 2939.
) (C:\Users\Emre\AppData\Local\Programs\MiKTeX\tex/latex/graphics\graphicx.sty
Package: graphicx 2021/09/16 v1.2d Enhanced LaTeX Graphics (DPC,SPQR)
 (C:\Users\Emre\AppData\Local\Programs\MiKTeX\tex/latex/graphics\keyval.sty
Package: keyval 2014/10/28 v1.15 key=value parser (DPC)
\KV@toks@=\toks25
) (C:\Users\Emre\AppData\Local\Programs\MiKTeX\tex/latex/graphics\graphics.sty
Package: graphics 2021/03/04 v1.4d Standard LaTeX Graphics (DPC,SPQR)
 (C:\Users\Emre\AppData\Local\Programs\MiKTeX\tex/latex/graphics\trig.sty
Package: trig 2021/08/11 v1.11 sin cos tan (DPC)
) (C:\Users\Emre\AppData\Local\Programs\MiKTeX\tex/latex/graphics-cfg\graphics.cfg
File: graphics.cfg 2016/06/04 v1.11 sample graphics configuration
)
Package graphics Info: Driver file: pdftex.def on input line 107.
 (C:\Users\Emre\AppData\Local\Programs\MiKTeX\tex/latex/graphics-def\pdftex.def
File: pdftex.def 2020/10/05 v1.2a Graphics/color driver for pdftex
))
\Gin@req@height=\dimen148
\Gin@req@width=\dimen149
) (C:\Users\Emre\AppData\Local\Programs\MiKTeX\tex/latex/enumitem\enumitem.sty
Package: enumitem 2019/06/20 v3.9 Customized lists
\labelindent=\skip52
\enit@outerparindent=\dimen150
\enit@toks=\toks26
\enit@inbox=\box54
\enit@count@id=\count272
\enitdp@description=\count273
) (C:\Users\Emre\AppData\Local\Programs\MiKTeX\tex/latex/geometry\geometry.sty
Package: geometry 2020/01/02 v5.9 Page Geometry
 (C:\Users\Emre\AppData\Local\Programs\MiKTeX\tex/generic/iftex\ifvtex.sty
Package: ifvtex 2019/10/25 v1.7 ifvtex legacy package. Use iftex instead.
 (C:\Users\Emre\AppData\Local\Programs\MiKTeX\tex/generic/iftex\iftex.sty
Package: iftex 2022/02/03 v1.0f TeX engine tests
))
\Gm@cnth=\count274
\Gm@cntv=\count275
\c@Gm@tempcnt=\count276
\Gm@bindingoffset=\dimen151
\Gm@wd@mp=\dimen152
\Gm@odd@mp=\dimen153
\Gm@even@mp=\dimen154
\Gm@layoutwidth=\dimen155
\Gm@layoutheight=\dimen156
\Gm@layouthoffset=\dimen157
\Gm@layoutvoffset=\dimen158
\Gm@dimlist=\toks27
 (C:\Users\Emre\AppData\Local\Programs\MiKTeX\tex/latex/geometry\geometry.cfg)) (C:\Users\Emre\AppData\Local\Programs\MiKTeX\tex/latex/tools\indentfirst.sty
Package: indentfirst 1995/11/23 v1.03 Indent first paragraph (DPC)
) (C:\Users\Emre\AppData\Local\Programs\MiKTeX\tex/latex/amsfonts\amsfonts.sty
Package: amsfonts 2013/01/14 v3.01 Basic AMSFonts support
\symAMSa=\mathgroup4
\symAMSb=\mathgroup5
LaTeX Font Info:    Redeclaring math symbol \hbar on input line 98.
LaTeX Font Info:    Overwriting math alphabet `\mathfrak' in version `bold'
(Font)                  U/euf/m/n --> U/euf/b/n on input line 106.
) (C:\Users\Emre\AppData\Local\Programs\MiKTeX\tex/latex/l3backend\l3backend-pdftex.def
File: l3backend-pdftex.def 2022-02-07 L3 backend support: PDF output (pdfTeX)
\l__color_backend_stack_int=\count277
\l__pdf_internal_box=\box55
) (report.aux)
\openout1 = `report.aux'.

LaTeX Font Info:    Checking defaults for OML/cmm/m/it on input line 17.
LaTeX Font Info:    ... okay on input line 17.
LaTeX Font Info:    Checking defaults for OMS/cmsy/m/n on input line 17.
LaTeX Font Info:    ... okay on input line 17.
LaTeX Font Info:    Checking defaults for OT1/cmr/m/n on input line 17.
LaTeX Font Info:    ... okay on input line 17.
LaTeX Font Info:    Checking defaults for T1/cmr/m/n on input line 17.
LaTeX Font Info:    ... okay on input line 17.
LaTeX Font Info:    Checking defaults for TS1/cmr/m/n on input line 17.
LaTeX Font Info:    ... okay on input line 17.
LaTeX Font Info:    Checking defaults for OMX/cmex/m/n on input line 17.
LaTeX Font Info:    ... okay on input line 17.
LaTeX Font Info:    Checking defaults for U/cmr/m/n on input line 17.
LaTeX Font Info:    ... okay on input line 17.
 (C:\Users\Emre\AppData\Local\Programs\MiKTeX\tex/context/base/mkii\supp-pdf.mkii
[Loading MPS to PDF converter (version 2006.09.02).]
\scratchcounter=\count278
\scratchdimen=\dimen159
\scratchbox=\box56
\nofMPsegments=\count279
\nofMParguments=\count280
\everyMPshowfont=\toks28
\MPscratchCnt=\count281
\MPscratchDim=\dimen160
\MPnumerator=\count282
\makeMPintoPDFobject=\count283
\everyMPtoPDFconversion=\toks29
) (C:\Users\Emre\AppData\Local\Programs\MiKTeX\tex/latex/epstopdf-pkg\epstopdf-base.sty
Package: epstopdf-base 2020-01-24 v2.11 Base part for package epstopdf
Package epstopdf-base Info: Redefining graphics rule for `.eps' on input line 485.
 (C:\Users\Emre\AppData\Local\Programs\MiKTeX\tex/latex/00miktex\epstopdf-sys.cfg
File: epstopdf-sys.cfg 2021/03/18 v2.0 Configuration of epstopdf for MiKTeX
))
*geometry* driver: auto-detecting
*geometry* detected driver: pdftex
*geometry* verbose mode - [ preamble ] result:
* driver: pdftex
* paper: <default>
* layout: <same size as paper>
* layoutoffset:(h,v)=(0.0pt,0.0pt)
* modes: 
* h-part:(L,W,R)=(85.35826pt, 443.57848pt, 85.35826pt)
* v-part:(T,H,B)=(170.71652pt, 453.53694pt, 170.71652pt)
* \paperwidth=614.295pt
* \paperheight=794.96999pt
* \textwidth=500.48398pt
* \textheight=638.47984pt
* \oddsidemargin=0.0pt
* \evensidemargin=0.0pt
* \topmargin=-56.9055pt
* \headheight=12.0pt
* \headsep=25.0pt
* \topskip=12.0pt
* \footskip=30.0pt
* \marginparwidth=44.0pt
* \marginparsep=10.0pt
* \columnsep=10.0pt
* \skip\footins=10.8pt plus 4.0pt minus 2.0pt
* \hoffset=0.0pt
* \voffset=0.0pt
* \mag=1000
* \@twocolumnfalse
* \@twosidefalse
* \@mparswitchfalse
* \@reversemarginfalse
* (1in=72.27pt=25.4mm, 1cm=28.453pt)

LaTeX Font Info:    Trying to load font information for U+msa on input line 26.
(C:\Users\Emre\AppData\Local\Programs\MiKTeX\tex/latex/amsfonts\umsa.fd
File: umsa.fd 2013/01/14 v3.01 AMS symbols A
)
LaTeX Font Info:    Trying to load font information for U+msb on input line 26.
 (C:\Users\Emre\AppData\Local\Programs\MiKTeX\tex/latex/amsfonts\umsb.fd
File: umsb.fd 2013/01/14 v3.01 AMS symbols B
)
<Q1/turingmachine.io_.png, id=1, 757.83125pt x 472.76625pt>
File: Q1/turingmachine.io_.png Graphic file (type png)
<use Q1/turingmachine.io_.png>
Package pdftex.def Info: Q1/turingmachine.io_.png  used on input line 40.
(pdftex.def)             Requested size: 341.43306pt x 213.00253pt.
 [1

{C:/Users/Emre/AppData/Local/MiKTeX/fonts/map/pdftex/pdftex.map} <./Q1/turingmachine.io_.png>]
<Q1/000111.png, id=14, 757.83125pt x 541.02126pt>
File: Q1/000111.png Graphic file (type png)
<use Q1/000111.png>
Package pdftex.def Info: Q1/000111.png  used on input line 47.
(pdftex.def)             Requested size: 341.43306pt x 243.7545pt.
<Q1/000111o.png, id=15, 757.83125pt x 541.02126pt>
File: Q1/000111o.png Graphic file (type png)
<use Q1/000111o.png>
Package pdftex.def Info: Q1/000111o.png  used on input line 52.
(pdftex.def)             Requested size: 341.43306pt x 243.7545pt.
<Q1/0000111.png, id=16, 757.83125pt x 541.02126pt>
File: Q1/0000111.png Graphic file (type png)
<use Q1/0000111.png>
Package pdftex.def Info: Q1/0000111.png  used on input line 57.
(pdftex.def)             Requested size: 341.43306pt x 243.7545pt.
<Q1/0000111o.png, id=17, 757.83125pt x 541.02126pt>
File: Q1/0000111o.png Graphic file (type png)
<use Q1/0000111o.png>
Package pdftex.def Info: Q1/0000111o.png  used on input line 62.
(pdftex.def)             Requested size: 341.43306pt x 243.7545pt.
 [2 <./Q1/000111.png> <./Q1/000111o.png>]
<Q1/000011111.png, id=23, 757.83125pt x 541.02126pt>
File: Q1/000011111.png Graphic file (type png)
<use Q1/000011111.png>
Package pdftex.def Info: Q1/000011111.png  used on input line 67.
(pdftex.def)             Requested size: 341.43306pt x 243.7545pt.
<Q1/000011111o.png, id=24, 757.83125pt x 541.02126pt>
File: Q1/000011111o.png Graphic file (type png)
<use Q1/000011111o.png>
Package pdftex.def Info: Q1/000011111o.png  used on input line 72.
(pdftex.def)             Requested size: 341.43306pt x 243.7545pt.
 [3 <./Q1/0000111.png> <./Q1/0000111o.png>]
<Q1/0001110.png, id=30, 757.83125pt x 541.02126pt>
File: Q1/0001110.png Graphic file (type png)
<use Q1/0001110.png>
Package pdftex.def Info: Q1/0001110.png  used on input line 77.
(pdftex.def)             Requested size: 341.43306pt x 243.7545pt.
<Q1/001101o.png, id=31, 757.83125pt x 541.02126pt>
File: Q1/001101o.png Graphic file (type png)
<use Q1/001101o.png>
Package pdftex.def Info: Q1/001101o.png  used on input line 82.
(pdftex.def)             Requested size: 341.43306pt x 243.7545pt.
 [4 <./Q1/000011111.png> <./Q1/000011111o.png>]
<Q1/100011.png, id=37, 757.83125pt x 541.02126pt>
File: Q1/100011.png Graphic file (type png)
<use Q1/100011.png>
Package pdftex.def Info: Q1/100011.png  used on input line 87.
(pdftex.def)             Requested size: 341.43306pt x 243.7545pt.
<Q1/100011o.png, id=38, 757.83125pt x 541.02126pt>
File: Q1/100011o.png Graphic file (type png)
<use Q1/100011o.png>
Package pdftex.def Info: Q1/100011o.png  used on input line 92.
(pdftex.def)             Requested size: 341.43306pt x 243.7545pt.
 [5 <./Q1/0001110.png> <./Q1/001101o.png>] [6 <./Q1/100011.png> <./Q1/100011o.png>]
<Q2/turingmachine.io_.png, id=49, 757.83125pt x 472.76625pt>
File: Q2/turingmachine.io_.png Graphic file (type png)
<use Q2/turingmachine.io_.png>
Package pdftex.def Info: Q2/turingmachine.io_.png  used on input line 106.
(pdftex.def)             Requested size: 483.69684pt x 301.7542pt.
 [7 <./Q2/turingmachine.io_.png>]
<Q2/1011.png, id=55, 757.83125pt x 541.02126pt>
File: Q2/1011.png Graphic file (type png)
<use Q2/1011.png>
Package pdftex.def Info: Q2/1011.png  used on input line 113.
(pdftex.def)             Requested size: 341.43306pt x 243.7545pt.
<Q2/10111101.png, id=56, 757.83125pt x 541.02126pt>
File: Q2/10111101.png Graphic file (type png)
<use Q2/10111101.png>
Package pdftex.def Info: Q2/10111101.png  used on input line 118.
(pdftex.def)             Requested size: 341.43306pt x 243.7545pt.
<Q2/1110.png, id=57, 757.83125pt x 541.02126pt>
File: Q2/1110.png Graphic file (type png)
<use Q2/1110.png>
Package pdftex.def Info: Q2/1110.png  used on input line 123.
(pdftex.def)             Requested size: 341.43306pt x 243.7545pt.
<Q2/11100111.png, id=58, 757.83125pt x 541.02126pt>
File: Q2/11100111.png Graphic file (type png)
<use Q2/11100111.png>
Package pdftex.def Info: Q2/11100111.png  used on input line 128.
(pdftex.def)             Requested size: 341.43306pt x 243.7545pt.
 [8 <./Q2/1011.png> <./Q2/10111101.png>]
<Q2/0101.png, id=64, 757.83125pt x 541.02126pt>
File: Q2/0101.png Graphic file (type png)
<use Q2/0101.png>
Package pdftex.def Info: Q2/0101.png  used on input line 133.
(pdftex.def)             Requested size: 341.43306pt x 243.7545pt.
<Q2/01011010.png, id=65, 757.83125pt x 541.02126pt>
File: Q2/01011010.png Graphic file (type png)
<use Q2/01011010.png>
Package pdftex.def Info: Q2/01011010.png  used on input line 138.
(pdftex.def)             Requested size: 341.43306pt x 243.7545pt.
 [9 <./Q2/1110.png> <./Q2/11100111.png>]
<Q2/1010.png, id=71, 757.83125pt x 541.02126pt>
File: Q2/1010.png Graphic file (type png)
<use Q2/1010.png>
Package pdftex.def Info: Q2/1010.png  used on input line 143.
(pdftex.def)             Requested size: 341.43306pt x 243.7545pt.
<Q2/10100101.png, id=72, 757.83125pt x 541.02126pt>
File: Q2/10100101.png Graphic file (type png)
<use Q2/10100101.png>
Package pdftex.def Info: Q2/10100101.png  used on input line 148.
(pdftex.def)             Requested size: 341.43306pt x 243.7545pt.
 [10 <./Q2/0101.png> <./Q2/01011010.png>]
<Q2/1010001.png, id=78, 757.83125pt x 541.02126pt>
File: Q2/1010001.png Graphic file (type png)
<use Q2/1010001.png>
Package pdftex.def Info: Q2/1010001.png  used on input line 153.
(pdftex.def)             Requested size: 341.43306pt x 243.7545pt.
<Q2/10100011000101.png, id=79, 757.83125pt x 541.02126pt>
File: Q2/10100011000101.png Graphic file (type png)
<use Q2/10100011000101.png>
Package pdftex.def Info: Q2/10100011000101.png  used on input line 158.
(pdftex.def)             Requested size: 341.43306pt x 243.7545pt.
 [11 <./Q2/1010.png> <./Q2/10100101.png>]
<Q2/00111.png, id=85, 757.83125pt x 541.02126pt>
File: Q2/00111.png Graphic file (type png)
<use Q2/00111.png>
Package pdftex.def Info: Q2/00111.png  used on input line 163.
(pdftex.def)             Requested size: 341.43306pt x 243.7545pt.
<Q2/0011111100.png, id=86, 757.83125pt x 541.02126pt>
File: Q2/0011111100.png Graphic file (type png)
<use Q2/0011111100.png>
Package pdftex.def Info: Q2/0011111100.png  used on input line 168.
(pdftex.def)             Requested size: 341.43306pt x 243.7545pt.
 [12 <./Q2/1010001.png> <./Q2/10100011000101.png>] [13 <./Q2/00111.png> <./Q2/0011111100.png>] [14] (report.aux) ) 
Here is how much of TeX's memory you used:
 3286 strings out of 478582
 53825 string characters out of 2844816
 355580 words of memory out of 3000000
 21421 multiletter control sequences out of 15000+600000
 475759 words of font info for 52 fonts, out of 8000000 for 9000
 1141 hyphenation exceptions out of 8191
 55i,7n,62p,683b,247s stack positions out of 10000i,1000n,20000p,200000b,80000s
 <C:\Users\Emre\AppData\Local\MiKTeX\fonts/pk/ljfour/jknappen/ec/dpi600\tcrm1200.pk><C:/Users/Emre/AppData/Local/Programs/MiKTeX/fonts/type1/public/amsfonts/cm/cmbx12.pfb><C:/Users/Emre/AppData/Local/Programs/MiKTeX/fonts/type1/public/amsfonts/cm/cmmi12.pfb><C:/Users/Emre/AppData/Local/Programs/MiKTeX/fonts/type1/public/amsfonts/cm/cmmi8.pfb><C:/Users/Emre/AppData/Local/Programs/MiKTeX/fonts/type1/public/amsfonts/cm/cmr12.pfb><C:/Users/Emre/AppData/Local/Programs/MiKTeX/fonts/type1/public/amsfonts/cm/cmsy10.pfb><C:/Users/Emre/AppData/Local/Programs/MiKTeX/fonts/type1/public/amsfonts/cm/cmsy8.pfb><C:/Users/Emre/AppData/Local/Programs/MiKTeX/fonts/type1/public/amsfonts/symbols/msam10.pfb><C:/Users/Emre/AppData/Local/Programs/MiKTeX/fonts/type1/public/amsfonts/symbols/msbm10.pfb>
Output written on report.pdf (14 pages, 599540 bytes).
PDF statistics:
 142 PDF objects out of 1000 (max. 8388607)
 0 named destinations out of 1000 (max. 500000)
 121 words of extra memory for PDF output out of 10000 (max. 10000000)

