--------------------------------------------------------------------------------
Release 12.4 Trace  (lin64)
Copyright (c) 1995-2010 Xilinx, Inc.  All rights reserved.

/opt/Xilinx/12.4/ISE_DS/ISE/bin/lin64/unwrapped/trce -intstyle ise -v 3 -s 5 -n
3 -fastpaths -xml Board232.twx Board232.ncd -o Board232.twr Board232.pcf -ucf
Board232.ucf

Design file:              Board232.ncd
Physical constraint file: Board232.pcf
Device,package,speed:     xc3s250e,cp132,-5 (PRODUCTION 1.27 2010-11-18)
Report level:             verbose report

Environment Variable      Effect 
--------------------      ------ 
NONE                      No environment variables were set
--------------------------------------------------------------------------------

INFO:Timing:2698 - No timing constraints found, doing default enumeration.
INFO:Timing:2752 - To get complete path coverage, use the unconstrained paths 
   option. All paths that are not constrained will be reported in the 
   unconstrained paths section(s) of the report.
INFO:Timing:3339 - The clock-to-out numbers in this timing report are based on 
   a 50 Ohm transmission line loading model.  For the details of this model, 
   and for more information on accounting for different loading conditions, 
   please see the device datasheet.
INFO:Timing:3390 - This architecture does not support a default System Jitter 
   value, please add SYSTEM_JITTER constraint to the UCF to modify the Clock 
   Uncertainty calculation.
INFO:Timing:3389 - This architecture does not support 'Discrete Jitter' and 
   'Phase Error' calculations, these terms will be zero in the Clock 
   Uncertainty calculation.  Please make appropriate modification to 
   SYSTEM_JITTER to account for the unsupported Discrete Jitter and Phase 
   Error.



Data Sheet report:
-----------------
All values displayed in nanoseconds (ns)

Setup/Hold to clock btn<0>
------------+------------+------------+------------------+--------+
            |Max Setup to|Max Hold to |                  | Clock  |
Source      | clk (edge) | clk (edge) |Internal Clock(s) | Phase  |
------------+------------+------------+------------------+--------+
sw<0>       |    4.103(R)|    2.910(R)|clk               |   0.000|
sw<1>       |    4.231(R)|    2.439(R)|clk               |   0.000|
sw<2>       |    3.858(R)|    2.778(R)|clk               |   0.000|
sw<3>       |    6.514(R)|    0.788(R)|clk               |   0.000|
sw<4>       |    6.315(R)|    0.968(R)|clk               |   0.000|
sw<5>       |    5.965(R)|    1.242(R)|clk               |   0.000|
sw<6>       |    6.417(R)|    0.892(R)|clk               |   0.000|
sw<7>       |    6.977(R)|    0.416(R)|clk               |   0.000|
------------+------------+------------+------------------+--------+

Setup/Hold to clock btn<3>
------------+------------+------------+------------------+--------+
            |Max Setup to|Max Hold to |                  | Clock  |
Source      | clk (edge) | clk (edge) |Internal Clock(s) | Phase  |
------------+------------+------------+------------------+--------+
sw<0>       |    4.055(R)|    2.971(R)|clk               |   0.000|
sw<1>       |    4.183(R)|    2.500(R)|clk               |   0.000|
sw<2>       |    3.810(R)|    2.839(R)|clk               |   0.000|
sw<3>       |    6.466(R)|    0.849(R)|clk               |   0.000|
sw<4>       |    6.267(R)|    1.029(R)|clk               |   0.000|
sw<5>       |    5.917(R)|    1.303(R)|clk               |   0.000|
sw<6>       |    6.369(R)|    0.953(R)|clk               |   0.000|
sw<7>       |    6.929(R)|    0.477(R)|clk               |   0.000|
------------+------------+------------+------------------+--------+

Clock btn<0> to Pad
------------+------------+------------------+--------+
            | clk (edge) |                  | Clock  |
Destination |   to PAD   |Internal Clock(s) | Phase  |
------------+------------+------------------+--------+
led<0>      |    9.613(R)|clk               |   0.000|
led<1>      |   11.153(R)|clk               |   0.000|
led<2>      |    9.919(R)|clk               |   0.000|
led<3>      |    9.654(R)|clk               |   0.000|
led<4>      |    9.587(R)|clk               |   0.000|
led<5>      |    9.812(R)|clk               |   0.000|
led<6>      |   10.369(R)|clk               |   0.000|
led<7>      |   10.431(R)|clk               |   0.000|
seg<0>      |   15.666(R)|clk               |   0.000|
seg<1>      |   16.945(R)|clk               |   0.000|
seg<2>      |   17.794(R)|clk               |   0.000|
seg<3>      |   17.014(R)|clk               |   0.000|
seg<4>      |   17.544(R)|clk               |   0.000|
seg<5>      |   15.741(R)|clk               |   0.000|
seg<6>      |   17.259(R)|clk               |   0.000|
------------+------------+------------------+--------+

Clock btn<3> to Pad
------------+------------+------------------+--------+
            | clk (edge) |                  | Clock  |
Destination |   to PAD   |Internal Clock(s) | Phase  |
------------+------------+------------------+--------+
led<0>      |    9.674(R)|clk               |   0.000|
led<1>      |   11.214(R)|clk               |   0.000|
led<2>      |    9.980(R)|clk               |   0.000|
led<3>      |    9.715(R)|clk               |   0.000|
led<4>      |    9.648(R)|clk               |   0.000|
led<5>      |    9.873(R)|clk               |   0.000|
led<6>      |   10.430(R)|clk               |   0.000|
led<7>      |   10.492(R)|clk               |   0.000|
seg<0>      |   15.727(R)|clk               |   0.000|
seg<1>      |   17.006(R)|clk               |   0.000|
seg<2>      |   17.855(R)|clk               |   0.000|
seg<3>      |   17.075(R)|clk               |   0.000|
seg<4>      |   17.605(R)|clk               |   0.000|
seg<5>      |   15.802(R)|clk               |   0.000|
seg<6>      |   17.320(R)|clk               |   0.000|
------------+------------+------------------+--------+

Clock mclk to Pad
------------+------------+------------------+--------+
            | clk (edge) |                  | Clock  |
Destination |   to PAD   |Internal Clock(s) | Phase  |
------------+------------+------------------+--------+
an<0>       |    9.312(R)|mclk_BUFGP        |   0.000|
an<1>       |    9.138(R)|mclk_BUFGP        |   0.000|
an<2>       |    9.698(R)|mclk_BUFGP        |   0.000|
an<3>       |    8.842(R)|mclk_BUFGP        |   0.000|
seg<0>      |   11.394(R)|mclk_BUFGP        |   0.000|
seg<1>      |   12.303(R)|mclk_BUFGP        |   0.000|
seg<2>      |   12.323(R)|mclk_BUFGP        |   0.000|
seg<3>      |   12.135(R)|mclk_BUFGP        |   0.000|
seg<4>      |   12.699(R)|mclk_BUFGP        |   0.000|
seg<5>      |   11.631(R)|mclk_BUFGP        |   0.000|
seg<6>      |   12.380(R)|mclk_BUFGP        |   0.000|
------------+------------+------------------+--------+

Clock to Setup on destination clock btn<0>
---------------+---------+---------+---------+---------+
               | Src:Rise| Src:Fall| Src:Rise| Src:Fall|
Source Clock   |Dest:Rise|Dest:Rise|Dest:Fall|Dest:Fall|
---------------+---------+---------+---------+---------+
btn<0>         |    5.753|         |         |         |
btn<3>         |    5.753|         |         |         |
---------------+---------+---------+---------+---------+

Clock to Setup on destination clock btn<3>
---------------+---------+---------+---------+---------+
               | Src:Rise| Src:Fall| Src:Rise| Src:Fall|
Source Clock   |Dest:Rise|Dest:Rise|Dest:Fall|Dest:Fall|
---------------+---------+---------+---------+---------+
btn<0>         |    5.753|         |         |         |
btn<3>         |    5.753|         |         |         |
---------------+---------+---------+---------+---------+

Clock to Setup on destination clock mclk
---------------+---------+---------+---------+---------+
               | Src:Rise| Src:Fall| Src:Rise| Src:Fall|
Source Clock   |Dest:Rise|Dest:Rise|Dest:Fall|Dest:Fall|
---------------+---------+---------+---------+---------+
mclk           |    3.849|         |         |         |
---------------+---------+---------+---------+---------+


Analysis completed Tue May 17 16:59:38 2022 
--------------------------------------------------------------------------------

Trace Settings:
-------------------------
Trace Settings 

Peak Memory Usage: 221 MB



